*** Darwin 8x8 ***
Turn = 0.
  01234567
0 f.......
1 ........
2 ........
3 ...hh...
4 ...hh...
5 ........
6 ........
7 .......f

Turn = 1.
  01234567
0 f.......
1 ........
2 ...h....
3 .....h..
4 ..h.....
5 ....h...
6 ........
7 .......f

Turn = 2.
  01234567
0 f.......
1 ...h....
2 ........
3 ......h.
4 .h......
5 ........
6 ....h...
7 .......f

Turn = 3.
  01234567
0 f..h....
1 ........
2 ........
3 .......h
4 h.......
5 ........
6 ........
7 ....h..f

Turn = 4.
  01234567
0 f..h....
1 ........
2 ........
3 .......h
4 h.......
5 ........
6 ........
7 ....h..f

Turn = 5.
  01234567
0 f..h....
1 ........
2 ........
3 .......h
4 h.......
5 ........
6 ........
7 ....h..f

*** Darwin 7x9 ***
Turn = 0.
  012345678
0 t........
1 .........
2 .........
3 ..h......
4 .........
5 ....r....
6 ........t

Turn = 1.
  012345678
0 t........
1 .........
2 .........
3 ...h.....
4 ....r....
5 .........
6 ........t

Turn = 2.
  012345678
0 t........
1 .........
2 .........
3 ....r....
4 ....r....
5 .........
6 ........t

Turn = 3.
  012345678
0 t........
1 .........
2 .........
3 ....rr...
4 .........
5 .........
6 ........t

Turn = 4.
  012345678
0 t........
1 .........
2 ....r....
3 ......r..
4 .........
5 .........
6 ........t

Turn = 5.
  012345678
0 t........
1 ....r....
2 .........
3 .......r.
4 .........
5 .........
6 ........t

*** Darwin 4x4 ***
Turn = 0.
  0123
0 ....
1 .th.
2 .rf.
3 ....

Turn = 5.
  0123
0 ..h.
1 .t..
2 .tt.
3 ....

*** Darwin 100x100 ***
Turn = 0.
  0123456789012345678901234567890123456789012345678901234567890123456789012345678901234567890123456789
0 ....................................................................................................
1 ....................................................................................................
2 ....................................................................................................
3 ....................................................................................................
4 ....................................................................................................
5 ....................................................................................................
6 ....................................................................................................
7 ....................................................................................................
8 ....................................................................................................
9 ....................................................................................................
0 ....................................................................................................
1 ....................................................................................................
2 ....................................................................................................
3 ....................................................................................................
4 ....................................................................................................
5 ....................................................................................................
6 ....................................................................................................
7 ....................................................................................................
8 ....................................................................................................
9 ....................................................................................................
0 ....................................................................................................
1 ....................................................................................................
2 ....................................................................................................
3 ....................................................................................................
4 ....................................................................................................
5 ....................................................................................................
6 ....................................................................................................
7 ....................................................................................................
8 ....................................................................................................
9 ....................................................................................................
0 ....................................................................................................
1 ....................................................................................................
2 ....................................................................................................
3 ....................................................................................................
4 ....................................................................................................
5 ....................................................................................................
6 ....................................................................................................
7 ....................................................................................................
8 ....................................................................................................
9 ....................................................................................................
0 ....................................................................................................
1 ....................................................................................................
2 ....................................................................................................
3 ....................................................................................................
4 ....................................................................................................
5 ....................................................................................................
6 ....................................................................................................
7 ....................................................................................................
8 ....................................................................................................
9 ....................................................................................................
0 ....................................................................................................
1 ....................................................................................................
2 ....................................................................................................
3 ....................................................................................................
4 ....................................................................................................
5 ....................................................................................................
6 ....................................................................................................
7 ....................................................................................................
8 ....................................................................................................
9 ....................................................................................................
0 ....................................................................................................
1 ....................................................................................................
2 ....................................................................................................
3 ....................................................................................................
4 ....................................................................................................
5 ....................................................................................................
6 ....................................................................................................
7 ....................................................................................................
8 ....................................................................................................
9 ....................................................................................................
0 ....................................................................................................
1 ....................................................................................................
2 ....................................................................................................
3 ....................................................................................................
4 ....................................................................................................
5 ....................................................................................................
6 ....................................................................................................
7 ....................................................................................................
8 ....................................................................................................
9 ....................................................................................................
0 ....................................................................................................
1 ....................................................................................................
2 ....................................................................................................
3 ....................................................................................................
4 ....................................................................................................
5 ....................................................................................................
6 ....................................................................................................
7 ....................................................................................................
8 ....................................................................................................
9 ....................................................................................................
0 ....................................................................................................
1 ....................................................................................................
2 ....................................................................................................
3 ....................................................................................................
4 ....................................................................................................
5 ....................................................................................................
6 ....................................................................................................
7 ....................................................................................................
8 ....................................................................................................
9 ....................................................................................................

Turn = 100.
  0123456789012345678901234567890123456789012345678901234567890123456789012345678901234567890123456789
0 ....................................................................................................
1 ....................................................................................................
2 ....................................................................................................
3 ....................................................................................................
4 ....................................................................................................
5 ....................................................................................................
6 ....................................................................................................
7 ....................................................................................................
8 ....................................................................................................
9 ....................................................................................................
0 ....................................................................................................
1 ....................................................................................................
2 ....................................................................................................
3 ....................................................................................................
4 ....................................................................................................
5 ....................................................................................................
6 ....................................................................................................
7 ....................................................................................................
8 ....................................................................................................
9 ....................................................................................................
0 ....................................................................................................
1 ....................................................................................................
2 ....................................................................................................
3 ....................................................................................................
4 ....................................................................................................
5 ....................................................................................................
6 ....................................................................................................
7 ....................................................................................................
8 ....................................................................................................
9 ....................................................................................................
0 ....................................................................................................
1 ....................................................................................................
2 ....................................................................................................
3 ....................................................................................................
4 ....................................................................................................
5 ....................................................................................................
6 ....................................................................................................
7 ....................................................................................................
8 ....................................................................................................
9 ....................................................................................................
0 ....................................................................................................
1 ....................................................................................................
2 ....................................................................................................
3 ....................................................................................................
4 ....................................................................................................
5 ....................................................................................................
6 ....................................................................................................
7 ....................................................................................................
8 ....................................................................................................
9 ....................................................................................................
0 ....................................................................................................
1 ....................................................................................................
2 ....................................................................................................
3 ....................................................................................................
4 ....................................................................................................
5 ....................................................................................................
6 ....................................................................................................
7 ....................................................................................................
8 ....................................................................................................
9 ....................................................................................................
0 ....................................................................................................
1 ....................................................................................................
2 ....................................................................................................
3 ....................................................................................................
4 ....................................................................................................
5 ....................................................................................................
6 ....................................................................................................
7 ....................................................................................................
8 ....................................................................................................
9 ....................................................................................................
0 ....................................................................................................
1 ....................................................................................................
2 ....................................................................................................
3 ....................................................................................................
4 ....................................................................................................
5 ....................................................................................................
6 ....................................................................................................
7 ....................................................................................................
8 ....................................................................................................
9 ....................................................................................................
0 ....................................................................................................
1 ....................................................................................................
2 ....................................................................................................
3 ....................................................................................................
4 ....................................................................................................
5 ....................................................................................................
6 ....................................................................................................
7 ....................................................................................................
8 ....................................................................................................
9 ....................................................................................................
0 ....................................................................................................
1 ....................................................................................................
2 ....................................................................................................
3 ....................................................................................................
4 ....................................................................................................
5 ....................................................................................................
6 ....................................................................................................
7 ....................................................................................................
8 ....................................................................................................
9 ....................................................................................................

*** Darwin 55x55 ***
Turn = 0.
  0123456789012345678901234567890123456789012345678901234
0 .....f.................................................
1 t......................................................
2 ...................r....r..............................
3 ..............fr....................................th.
4 ...........................................r...........
5 .................................f.....................
6 ........................t....h.........................
7 .........h............................h..........h.....
8 ...f....h............h...........t.....................
9 .......................................................
0 ............h.......................r...............r..
1 ..............h.......................h................
2 ..................................................t....
3 h.............h........................................
4 .......................................................
5 ........................t..............................
6 .......................................................
7 .h............................r........................
8 ..........f.......t....................................
9 .....................................h............h....
0 .......................................................
1 ............................f..........................
2 ......f................................................
3 ..t...................................r................
4 ......................................t................
5 ....................t...................r..t..r.......r
6 .......................r.......t...r...................
7 ........................................t.....t........
8 ..............................f.............h.......r..
9 ...t....................r.t...............f............
0 ........................r..........................t...
1 ...............................f......................t
2 ......t...................h............................
3 ...t.hr.............r..........r......h................
4 ........................h..............r...............
5 t..............h.......................................
6 ................t..........h..............r............
7 .....................h.......h.........................
8 .......f...............................................
9 .......................................................
0 .......................................................
1 .......................................................
2 .......................................................
3 .......................................................
4 .......................................................
5 .......................................................
6 .......................................................
7 .......................................................
8 .......................................................
9 .......................................................
0 .......................................................
1 .......................................................
2 .......................................................
3 .......................................................
4 .......................................................

Turn = 200.
  0123456789012345678901234567890123456789012345678901234
0 .......rr...r.r.................rr.....................
1 r.....r.r...................r...r.r....................
2 r..........r....................r..r...................
3 ..........................................r............
4 .......................r...............................
5 .......................................................
6 .......................................................
7 ......................r..........t.............r.......
8 .................................t.............r.......
9 .......................................................
0 .......................................................
1 .......................................................
2 .......................................................
3 ..........................................r............
4 .......................................................
5 ......r............r...................................
6 .......................................................
7 ..........r............................................
8 .................r....r................................
9 ........................................rr.............
0 r......................r...............................
1 r................r............r........................
2 .........................................r.............
3 ......................r.r.............r................
4 ...........r.r...r.....................................
5 .......................................................
6 ....................r..................................
7 ................r......................................
8 .....................rr................................
9 ...t...................................................
0 ...t...................................................
1 ...t...................................................
2 .......................................................
3 r............r.........................................
4 ...t...................................................
5 .....................r.................................
6 ...................r...................................
7 ................................r......................
8 .......................................................
9 ...............r......................................r
0 ........................r..............................
1 ...............rr......................................
2 .........................................rrr...........
3 ....r...........r......................................
4 .....r....r............r...............................
5 .......................................................
6 .......................................................
7 .......................................................
8 .......................................................
9 .......................................................
0 ..............................................r........
1 .....................................r.................
2 ......................................r....r...........
3 ..........................................r............
4 ..............r........................r....rr.........

Turn = 400.
  0123456789012345678901234567890123456789012345678901234
0 ..........................r..........r...r.............
1 ..........................r............................
2 ..................................r....................
3 .................................r.....................
4 rr.....................................................
5 ..............................r........................
6 ..r..................................................r.
7 .......................................................
8 .......................................................
9 ....................................tttt...............
0 ................................r......................
1 ...............................................r.......
2 .......................................................
3 ..r..........................r.........................
4 r...............................r.....................r
5 .......................................................
6 ........................................r..............
7 ..............................r........................
8 .....r................................................r
9 .......................................................
0 r......................................................
1 r.......r..............................................
2 ...r....r............r.................................
3 .......................................................
4 .......................................................
5 .......................................................
6 ...........r...........................................
7 ........r..............................................
8 ..........r......r.......r.............................
9 ..r........r......................r....................
0 r.....................................................r
1 ......................................................r
2 .......................................................
3 r..............................................r.......
4 r.................................r....................
5 .................r.....................................
6 ....................r.............r.......r............
7 .....................rr....................r...........
8 .......................................................
9 ...r...................................................
0 ............r..........................................
1 .......................................................
2 .......................................................
3 .......................................................
4 ..............................................r........
5 .......................................................
6 .......r......................................r........
7 ........................r..............................
8 ................r...............................rr.....
9 .....................rr...........................r....
0 ...................................r..................r
1 ...r...................................................
2 ...r.........r.........................................
3 r.r....................................................
4 ...r........r......r.......r...............r...........

Turn = 600.
  0123456789012345678901234567890123456789012345678901234
0 ........rrrr...........................rrr......r....r.
1 ........r..............................................
2 .r........r..r.........................................
3 .......................................................
4 ......r................................................
5 .............r.........................r...............
6 ............r.........................rr.......r.......
7 ..r.........r..........................................
8 .............r.................r..r....................
9 ........................................t..............
0 .......................................................
1 r..................................r...................
2 .r.....................................................
3 ..r..............................r...r.................
4 ......................................................r
5 r..................................r..................r
6 ................r......................................
7 ................r......................................
8 .......................................................
9 ...r...................................................
0 ..............r........................................
1 .......................................................
2 .......................................................
3 ......................r................................
4 .......................rr.............................r
5 .......................................................
6 .......................................................
7 .......................................................
8 ......................r................................
9 .........................r.............................
0 ......................r................................
1 .......................................................
2 ..................r....................................
3 ............................r.r........................
4 .........................r.........................r.rr
5 ........................r.r............................
6 ........................r..............................
7 .......................................................
8 .......................................................
9 ........................................r..............
0 .......................................................
1 .......................................................
2 ....r..................................................
3 .....r.................................................
4 rr....................r................................
5 ........r..............................................
6 .r....................................................r
7 r......................................................
8 .......................................................
9 .......................................................
0 .......................................................
1 .....r.................................................
2 ................................................r......
3 .....r.........................................r....r..
4 .r...r.....r.................rr....................r...

